Exceptions:
Exception Code :c0000005 ACCESS_VIOLATION
Exception Flag :0x0 NumberParameters :2 
Param 0 :0x0 
Param 1 :0x6b1f0860 
Context :00000046D36C6D80 
ContextFlag : 0x10005f, EFlags: 0x10206 
Fault address:  0xA983577 0x1:0xC02577 C:\Program Files\OrcaSlicer\OrcaSlicer.dll

Show CallStack:
7ff90a983577:BRepExtrema_SelfIntersection::`default constructor closure' [Unknown file][-1]
7ff90a9fccee:BRepExtrema_SelfIntersection::`default constructor closure' [Unknown file][-1]
7ff90a9e4a52:BRepExtrema_SelfIntersection::`default constructor closure' [Unknown file][-1]
7ff90acd83e2:BRepExtrema_SelfIntersection::`default constructor closure' [Unknown file][-1]
7ff90bbe460b:hid_write [Unknown file][-1]
7ff90bbeb489:hid_write [Unknown file][-1]
7ff90a950952:BRepExtrema_SelfIntersection::`default constructor closure' [Unknown file][-1]
7ff90bbe460b:hid_write [Unknown file][-1]
7ff90bbeb489:hid_write [Unknown file][-1]
7ff90a94f9bb:BRepExtrema_SelfIntersection::`default constructor closure' [Unknown file][-1]
7ff90bbe460b:hid_write [Unknown file][-1]
7ff90bbeb489:hid_write [Unknown file][-1]
7ff90acbbef4:BRepExtrema_SelfIntersection::`default constructor closure' [Unknown file][-1]
7ff90bbe460b:hid_write [Unknown file][-1]
7ff90bbeb489:hid_write [Unknown file][-1]
7ff90acbbea4:BRepExtrema_SelfIntersection::`default constructor closure' [Unknown file][-1]
7ff90bc46e1b:hid_write [Unknown file][-1]
7ff90bc48919:hid_write [Unknown file][-1]
7ff90bdfe798:hid_write [Unknown file][-1]
7ff90bdf374f:hid_write [Unknown file][-1]
7ff90bdf3ef3:hid_write [Unknown file][-1]
7ff90bdf367b:hid_write [Unknown file][-1]
7ff90bdf3aaa:hid_write [Unknown file][-1]
7ff90bbf3824:hid_write [Unknown file][-1]
7ff90bbf6e98:hid_write [Unknown file][-1]
7ff90bc1b953:hid_write [Unknown file][-1]
7ff90bc1edaa:hid_write [Unknown file][-1]
7ff90bc30ce9:hid_write [Unknown file][-1]
7ff90acbe63c:BRepExtrema_SelfIntersection::`default constructor closure' [Unknown file][-1]
7ff90bbf9ccf:hid_write [Unknown file][-1]
7ff9dc6383f1:DispatchMessageW [Unknown file][-1]
7ff9dc6380ac:DispatchMessageW [Unknown file][-1]
7ff9dc6431dd:GetClassLongW [Unknown file][-1]
7ff9dcc94404:KiUserCallbackDispatcher [Unknown file][-1]
7ff9d9ec1554:NtUserMessageCall [Unknown file][-1]
7ff9dc636805:GetDlgCtrlID [Unknown file][-1]
7ff9dc636469:GetDlgCtrlID [Unknown file][-1]
7ff9c37f9c23:DefSubclassProc [Unknown file][-1]
7ff9c37f9a9f:DefSubclassProc [Unknown file][-1]
7ff9dc6383f1:DispatchMessageW [Unknown file][-1]
7ff9dc6380ac:DispatchMessageW [Unknown file][-1]
7ff9dc6431dd:GetClassLongW [Unknown file][-1]
7ff9dcc94404:KiUserCallbackDispatcher [Unknown file][-1]
7ff9d9ec14d4:NtUserPeekMessage [Unknown file][-1]
7ff9dc641cff:PeekMessageW [Unknown file][-1]
7ff9dc641bcc:PeekMessageW [Unknown file][-1]
7ff90be38551:hid_write [Unknown file][-1]
7ff90be3850f:hid_write [Unknown file][-1]
7ff90bc94317:hid_write [Unknown file][-1]
7ff90be37f73:hid_write [Unknown file][-1]
7ff90be381ba:hid_write [Unknown file][-1]
7ff90bc23be2:hid_write [Unknown file][-1]
7ff90a957d38:BRepExtrema_SelfIntersection::`default constructor closure' [Unknown file][-1]
7ff90a96ea97:BRepExtrema_SelfIntersection::`default constructor closure' [Unknown file][-1]
7ff90acb84d5:BRepExtrema_SelfIntersection::`default constructor closure' [Unknown file][-1]
7ff90bdfe7a6:hid_write [Unknown file][-1]
7ff90bdf374f:hid_write [Unknown file][-1]
7ff90bdf3b3b:hid_write [Unknown file][-1]
7ff90bdf3def:hid_write [Unknown file][-1]
7ff90bdf367b:hid_write [Unknown file][-1]
7ff90aa611c9:BRepExtrema_SelfIntersection::`default constructor closure' [Unknown file][-1]
7ff90bdfe7a6:hid_write [Unknown file][-1]
7ff90bdf374f:hid_write [Unknown file][-1]
7ff90bdf3b3b:hid_write [Unknown file][-1]
7ff90bdf3def:hid_write [Unknown file][-1]
7ff90bdf367b:hid_write [Unknown file][-1]
7ff90bdf3aaa:hid_write [Unknown file][-1]
7ff90bbf3790:hid_write [Unknown file][-1]
7ff90bbf6e98:hid_write [Unknown file][-1]
7ff90bc1b953:hid_write [Unknown file][-1]
7ff90bbf9ccf:hid_write [Unknown file][-1]
7ff9dc6383f1:DispatchMessageW [Unknown file][-1]
7ff9dc6380ac:DispatchMessageW [Unknown file][-1]
7ff9dc6431dd:GetClassLongW [Unknown file][-1]
7ff9dcc94404:KiUserCallbackDispatcher [Unknown file][-1]
7ff9d9ec1554:NtUserMessageCall [Unknown file][-1]
7ff9dc636805:GetDlgCtrlID [Unknown file][-1]
7ff9dc636469:GetDlgCtrlID [Unknown file][-1]
7ff9c37f9c23:DefSubclassProc [Unknown file][-1]
7ff9c37f9a9f:DefSubclassProc [Unknown file][-1]
7ff9dc6383f1:DispatchMessageW [Unknown file][-1]
7ff9dc6380ac:DispatchMessageW [Unknown file][-1]
7ff9dc6431dd:GetClassLongW [Unknown file][-1]
7ff9dcc94404:KiUserCallbackDispatcher [Unknown file][-1]
7ff9d9ec14d4:NtUserPeekMessage [Unknown file][-1]
7ff9dc641cff:PeekMessageW [Unknown file][-1]
7ff9dc641bcc:PeekMessageW [Unknown file][-1]
7ff90be3859b:hid_write [Unknown file][-1]
7ff90be3850f:hid_write [Unknown file][-1]
7ff90bc94317:hid_write [Unknown file][-1]
7ff90be37f73:hid_write [Unknown file][-1]
7ff90be381ba:hid_write [Unknown file][-1]
7ff90bdff521:hid_write [Unknown file][-1]
7ff90be01e57:hid_write [Unknown file][-1]
7ff90be5f4e8:hid_write [Unknown file][-1]
7ff90aa57bd8:BRepExtrema_SelfIntersection::`default constructor closure' [Unknown file][-1]
7ff90a0dab12:Unknown [Unknown file][-1]
7ff90a148e62:orcaslicer_main [Unknown file][-1]
7ff6f8eb59d5:Unknown [Unknown file][-1]
7ff6f8eb5e96:Unknown [Unknown file][-1]
7ff9db8d259d:BaseThreadInitThunk [Unknown file][-1]
7ff9dcc4af38:RtlUserThreadStart [Unknown file][-1]

Logical Address:
0xA983577 0x1:0xC02577 C:\Program Files\OrcaSlicer\OrcaSlicer.dll
0xA9FCCEE 0x1:0xC7BCEE C:\Program Files\OrcaSlicer\OrcaSlicer.dll
0xA9E4A52 0x1:0xC63A52 C:\Program Files\OrcaSlicer\OrcaSlicer.dll
0xACD83E2 0x1:0xF573E2 C:\Program Files\OrcaSlicer\OrcaSlicer.dll
0xBBE460B 0x1:0x1E6360B C:\Program Files\OrcaSlicer\OrcaSlicer.dll
0xBBEB489 0x1:0x1E6A489 C:\Program Files\OrcaSlicer\OrcaSlicer.dll
0xA950952 0x1:0xBCF952 C:\Program Files\OrcaSlicer\OrcaSlicer.dll
0xBBE460B 0x1:0x1E6360B C:\Program Files\OrcaSlicer\OrcaSlicer.dll
0xBBEB489 0x1:0x1E6A489 C:\Program Files\OrcaSlicer\OrcaSlicer.dll
0xA94F9BB 0x1:0xBCE9BB C:\Program Files\OrcaSlicer\OrcaSlicer.dll
0xBBE460B 0x1:0x1E6360B C:\Program Files\OrcaSlicer\OrcaSlicer.dll
0xBBEB489 0x1:0x1E6A489 C:\Program Files\OrcaSlicer\OrcaSlicer.dll
0xACBBEF4 0x1:0xF3AEF4 C:\Program Files\OrcaSlicer\OrcaSlicer.dll
0xBBE460B 0x1:0x1E6360B C:\Program Files\OrcaSlicer\OrcaSlicer.dll
0xBBEB489 0x1:0x1E6A489 C:\Program Files\OrcaSlicer\OrcaSlicer.dll
0xACBBEA4 0x1:0xF3AEA4 C:\Program Files\OrcaSlicer\OrcaSlicer.dll
0xBC46E1B 0x1:0x1EC5E1B C:\Program Files\OrcaSlicer\OrcaSlicer.dll
0xBC48919 0x1:0x1EC7919 C:\Program Files\OrcaSlicer\OrcaSlicer.dll
0xBDFE798 0x1:0x207D798 C:\Program Files\OrcaSlicer\OrcaSlicer.dll
0xBDF374F 0x1:0x207274F C:\Program Files\OrcaSlicer\OrcaSlicer.dll
0xBDF3EF3 0x1:0x2072EF3 C:\Program Files\OrcaSlicer\OrcaSlicer.dll
0xBDF367B 0x1:0x207267B C:\Program Files\OrcaSlicer\OrcaSlicer.dll
0xBDF3AAA 0x1:0x2072AAA C:\Program Files\OrcaSlicer\OrcaSlicer.dll
0xBBF3824 0x1:0x1E72824 C:\Program Files\OrcaSlicer\OrcaSlicer.dll
0xBBF6E98 0x1:0x1E75E98 C:\Program Files\OrcaSlicer\OrcaSlicer.dll
0xBC1B953 0x1:0x1E9A953 C:\Program Files\OrcaSlicer\OrcaSlicer.dll
0xBC1EDAA 0x1:0x1E9DDAA C:\Program Files\OrcaSlicer\OrcaSlicer.dll
0xBC30CE9 0x1:0x1EAFCE9 C:\Program Files\OrcaSlicer\OrcaSlicer.dll
0xACBE63C 0x1:0xF3D63C C:\Program Files\OrcaSlicer\OrcaSlicer.dll
0xBBF9CCF 0x1:0x1E78CCF C:\Program Files\OrcaSlicer\OrcaSlicer.dll
0xDC6383F1 0x1:0x173F1 C:\WINDOWS\System32\USER32.dll
0xDC6380AC 0x1:0x170AC C:\WINDOWS\System32\USER32.dll
0xDC6431DD 0x1:0x221DD C:\WINDOWS\System32\USER32.dll
0xDCC94404 0x1:0xA3404 C:\WINDOWS\SYSTEM32\ntdll.dll
0xD9EC1554 0x1:0x554 C:\WINDOWS\System32\win32u.dll
0xDC636805 0x1:0x15805 C:\WINDOWS\System32\USER32.dll
0xDC636469 0x1:0x15469 C:\WINDOWS\System32\USER32.dll
0xC37F9C23 0x1:0x18C23 C:\WINDOWS\WinSxS\amd64_microsoft.windows.common-controls_6595b64144ccf1df_6.0.22621.4580_none_2714e9b573810c40\COMCTL32.dll
0xC37F9A9F 0x1:0x18A9F C:\WINDOWS\WinSxS\amd64_microsoft.windows.common-controls_6595b64144ccf1df_6.0.22621.4580_none_2714e9b573810c40\COMCTL32.dll
0xDC6383F1 0x1:0x173F1 C:\WINDOWS\System32\USER32.dll
0xDC6380AC 0x1:0x170AC C:\WINDOWS\System32\USER32.dll
0xDC6431DD 0x1:0x221DD C:\WINDOWS\System32\USER32.dll
0xDCC94404 0x1:0xA3404 C:\WINDOWS\SYSTEM32\ntdll.dll
0xD9EC14D4 0x1:0x4D4 C:\WINDOWS\System32\win32u.dll
0xDC641CFF 0x1:0x20CFF C:\WINDOWS\System32\USER32.dll
0xDC641BCC 0x1:0x20BCC C:\WINDOWS\System32\USER32.dll
0xBE38551 0x1:0x20B7551 C:\Program Files\OrcaSlicer\OrcaSlicer.dll
0xBE3850F 0x1:0x20B750F C:\Program Files\OrcaSlicer\OrcaSlicer.dll
0xBC94317 0x1:0x1F13317 C:\Program Files\OrcaSlicer\OrcaSlicer.dll
0xBE37F73 0x1:0x20B6F73 C:\Program Files\OrcaSlicer\OrcaSlicer.dll
0xBE381BA 0x1:0x20B71BA C:\Program Files\OrcaSlicer\OrcaSlicer.dll
0xBC23BE2 0x1:0x1EA2BE2 C:\Program Files\OrcaSlicer\OrcaSlicer.dll
0xA957D38 0x1:0xBD6D38 C:\Program Files\OrcaSlicer\OrcaSlicer.dll
0xA96EA97 0x1:0xBEDA97 C:\Program Files\OrcaSlicer\OrcaSlicer.dll
0xACB84D5 0x1:0xF374D5 C:\Program Files\OrcaSlicer\OrcaSlicer.dll
0xBDFE7A6 0x1:0x207D7A6 C:\Program Files\OrcaSlicer\OrcaSlicer.dll
0xBDF374F 0x1:0x207274F C:\Program Files\OrcaSlicer\OrcaSlicer.dll
0xBDF3B3B 0x1:0x2072B3B C:\Program Files\OrcaSlicer\OrcaSlicer.dll
0xBDF3DEF 0x1:0x2072DEF C:\Program Files\OrcaSlicer\OrcaSlicer.dll
0xBDF367B 0x1:0x207267B C:\Program Files\OrcaSlicer\OrcaSlicer.dll
0xAA611C9 0x1:0xCE01C9 C:\Program Files\OrcaSlicer\OrcaSlicer.dll
0xBDFE7A6 0x1:0x207D7A6 C:\Program Files\OrcaSlicer\OrcaSlicer.dll
0xBDF374F 0x1:0x207274F C:\Program Files\OrcaSlicer\OrcaSlicer.dll
0xBDF3B3B 0x1:0x2072B3B C:\Program Files\OrcaSlicer\OrcaSlicer.dll
0xBDF3DEF 0x1:0x2072DEF C:\Program Files\OrcaSlicer\OrcaSlicer.dll
0xBDF367B 0x1:0x207267B C:\Program Files\OrcaSlicer\OrcaSlicer.dll
0xBDF3AAA 0x1:0x2072AAA C:\Program Files\OrcaSlicer\OrcaSlicer.dll
0xBBF3790 0x1:0x1E72790 C:\Program Files\OrcaSlicer\OrcaSlicer.dll
0xBBF6E98 0x1:0x1E75E98 C:\Program Files\OrcaSlicer\OrcaSlicer.dll
0xBC1B953 0x1:0x1E9A953 C:\Program Files\OrcaSlicer\OrcaSlicer.dll
0xBBF9CCF 0x1:0x1E78CCF C:\Program Files\OrcaSlicer\OrcaSlicer.dll
0xDC6383F1 0x1:0x173F1 C:\WINDOWS\System32\USER32.dll
0xDC6380AC 0x1:0x170AC C:\WINDOWS\System32\USER32.dll
0xDC6431DD 0x1:0x221DD C:\WINDOWS\System32\USER32.dll
0xDCC94404 0x1:0xA3404 C:\WINDOWS\SYSTEM32\ntdll.dll
0xD9EC1554 0x1:0x554 C:\WINDOWS\System32\win32u.dll
0xDC636805 0x1:0x15805 C:\WINDOWS\System32\USER32.dll
0xDC636469 0x1:0x15469 C:\WINDOWS\System32\USER32.dll
0xC37F9C23 0x1:0x18C23 C:\WINDOWS\WinSxS\amd64_microsoft.windows.common-controls_6595b64144ccf1df_6.0.22621.4580_none_2714e9b573810c40\COMCTL32.dll
0xC37F9A9F 0x1:0x18A9F C:\WINDOWS\WinSxS\amd64_microsoft.windows.common-controls_6595b64144ccf1df_6.0.22621.4580_none_2714e9b573810c40\COMCTL32.dll
0xDC6383F1 0x1:0x173F1 C:\WINDOWS\System32\USER32.dll
0xDC6380AC 0x1:0x170AC C:\WINDOWS\System32\USER32.dll
0xDC6431DD 0x1:0x221DD C:\WINDOWS\System32\USER32.dll
0xDCC94404 0x1:0xA3404 C:\WINDOWS\SYSTEM32\ntdll.dll
0xD9EC14D4 0x1:0x4D4 C:\WINDOWS\System32\win32u.dll
0xDC641CFF 0x1:0x20CFF C:\WINDOWS\System32\USER32.dll
0xDC641BCC 0x1:0x20BCC C:\WINDOWS\System32\USER32.dll
0xBE3859B 0x1:0x20B759B C:\Program Files\OrcaSlicer\OrcaSlicer.dll
0xBE3850F 0x1:0x20B750F C:\Program Files\OrcaSlicer\OrcaSlicer.dll
0xBC94317 0x1:0x1F13317 C:\Program Files\OrcaSlicer\OrcaSlicer.dll
0xBE37F73 0x1:0x20B6F73 C:\Program Files\OrcaSlicer\OrcaSlicer.dll
0xBE381BA 0x1:0x20B71BA C:\Program Files\OrcaSlicer\OrcaSlicer.dll
0xBDFF521 0x1:0x207E521 C:\Program Files\OrcaSlicer\OrcaSlicer.dll
0xBE01E57 0x1:0x2080E57 C:\Program Files\OrcaSlicer\OrcaSlicer.dll
0xBE5F4E8 0x1:0x20DE4E8 C:\Program Files\OrcaSlicer\OrcaSlicer.dll
0xAA57BD8 0x1:0xCD6BD8 C:\Program Files\OrcaSlicer\OrcaSlicer.dll
0xA0DAB12 0x1:0x359B12 C:\Program Files\OrcaSlicer\OrcaSlicer.dll
0xA148E62 0x1:0x3C7E62 C:\Program Files\OrcaSlicer\OrcaSlicer.dll
0xF8EB59D5 0x1:0x49D5 C:\Program Files\OrcaSlicer\orca-slicer.exe
0xF8EB5E96 0x1:0x4E96 C:\Program Files\OrcaSlicer\orca-slicer.exe
0xDB8D259D 0x1:0x1159D C:\WINDOWS\System32\KERNEL32.DLL
0xDCC4AF38 0x1:0x59F38 C:\WINDOWS\SYSTEM32\ntdll.dll
